Using pre-set license
Built from '2021.1/staging' branch; Version is '2021.1.7f1 (d91830b65d9b) revision 14227504'; Using compiler version '192528614'; Build Type 'Release'
OS: 'Windows 10 Home; OS build 19042.1083; Version 2009; 64bit' Language: 'en' Physical Memory: 16182 MB
BatchMode: 1, IsHumanControllingUs: 0, StartBugReporterOnCrash: 0, Is64bit: 1, IsPro: 0

 COMMAND LINE ARGUMENTS:
C:\Program Files\Unity\Hub\Editor\2021.1.7f1\Editor\Unity.exe
-adb2
-batchMode
-noUpm
-name
AssetImportWorker0
-projectPath
C:/Users/roych/New Unity Project
-logFile
Logs/AssetImportWorker0.log
-srvPort
63428
Successfully changed project path to: C:/Users/roych/New Unity Project
C:/Users/roych/New Unity Project
Using Asset Import Pipeline V2.
Refreshing native plugins compatible for Editor in 97.89 ms, found 2 plugins.
Preloading 0 native plugins for Editor in 0.00 ms.
Initialize engine version: 2021.1.7f1 (d91830b65d9b)
[Subsystems] Discovering subsystems at path C:/Program Files/Unity/Hub/Editor/2021.1.7f1/Editor/Data/Resources/UnitySubsystems
[Subsystems] Discovering subsystems at path C:/Users/roych/New Unity Project/Assets
GfxDevice: creating device client; threaded=0; jobified=0
Direct3D:
    Version:  Direct3D 11.0 [level 11.1]
    Renderer: NVIDIA GeForce GTX 1650 with Max-Q Design (ID=0x1f91)
    Vendor:   NVIDIA
    VRAM:     3964 MB
    Driver:   27.21.14.6677
Shader 'Universal Render Pipeline/Particles/Lit': fallback shader 'Universal Render Pipeline/Particles/SimpleLit' not found
Initialize mono
Mono path[0] = 'C:/Program Files/Unity/Hub/Editor/2021.1.7f1/Editor/Data/Managed'
Mono path[1] = 'C:/Program Files/Unity/Hub/Editor/2021.1.7f1/Editor/Data/MonoBleedingEdge/lib/mono/unityjit'
Mono config path = 'C:/Program Files/Unity/Hub/Editor/2021.1.7f1/Editor/Data/MonoBleedingEdge/etc'
Using monoOptions --debugger-agent=transport=dt_socket,embedding=1,server=y,suspend=n,address=127.0.0.1:56820
Begin MonoManager ReloadAssembly
Registering precompiled unity dll's ...
Register platform support module: C:/Program Files/Unity/Hub/Editor/2021.1.7f1/Editor/Data/PlaybackEngines/WebGLSupport/UnityEditor.WebGL.Extensions.dll
Register platform support module: C:/Program Files/Unity/Hub/Editor/2021.1.7f1/Editor/Data/PlaybackEngines/WindowsStandaloneSupport/UnityEditor.WindowsStandalone.Extensions.dll
Registered in 0.002969 seconds.
Native extension for WindowsStandalone target not found
Native extension for WebGL target not found
Refreshing native plugins compatible for Editor in 134.26 ms, found 2 plugins.
Preloading 0 native plugins for Editor in 0.00 ms.
Mono: successfully reloaded assembly
- Completed reload, in  1.427 seconds
Platform modules already initialized, skipping
Registering precompiled user dll's ...
Registered in 0.003005 seconds.
Begin MonoManager ReloadAssembly
Symbol file LoadedFromMemory doesn't match image C:\Users\roych\New Unity Project\Library\PackageCache\com.unity.visualscripting@1.6.1\Editor\VisualScripting.Core\Dependencies\YamlDotNet\Unity.VisualScripting.YamlDotNet.dll
Symbol file LoadedFromMemory doesn't match image C:\Users\roych\New Unity Project\Library\PackageCache\com.unity.visualscripting@1.6.1\Editor\VisualScripting.Core\Dependencies\DotNetZip\Unity.VisualScripting.IonicZip.dll
Native extension for WindowsStandalone target not found
Native extension for WebGL target not found
Refreshing native plugins compatible for Editor in 118.32 ms, found 2 plugins.
Preloading 0 native plugins for Editor in 0.00 ms.
Mono: successfully reloaded assembly
- Completed reload, in  1.614 seconds
Platform modules already initialized, skipping
========================================================================
Worker process is ready to serve import requests
Shader 'Universal Render Pipeline/Particles/Lit': fallback shader 'Universal Render Pipeline/Particles/SimpleLit' not found
Launched and connected shader compiler UnityShaderCompiler.exe after 0.04 seconds
Refreshing native plugins compatible for Editor in 1.32 ms, found 2 plugins.
Preloading 0 native plugins for Editor in 0.00 ms.
Unloading 4547 Unused Serialized files (Serialized files now loaded: 0)
System memory in use before: 176.2 MB.
System memory in use after: 176.3 MB.

Unloading 28 unused Assets to reduce memory usage. Loaded Objects now: 5001.
Total: 5.254600 ms (FindLiveObjects: 0.801600 ms CreateObjectMapping: 0.584100 ms MarkObjects: 3.686200 ms  DeleteObjects: 0.181400 ms)

========================================================================
Received Import Request.
  path: Assets/Scripts/CoinController.cs
  artifactKey: Guid(a012c9fb563bb074daddc10a7da6854c) Importer(815301076,1909f56bfc062723c751e8b465ee728b)
Start importing Assets/Scripts/CoinController.cs using Guid(a012c9fb563bb074daddc10a7da6854c) Importer(815301076,1909f56bfc062723c751e8b465ee728b)  -> (artifact id: '328a70a8ffcd36b1d12abe86e59bac33') in 0.042983 seconds 
========================================================================
Received Prepare
Shader 'Universal Render Pipeline/Particles/Lit': fallback shader 'Universal Render Pipeline/Particles/SimpleLit' not found
Refreshing native plugins compatible for Editor in 3.21 ms, found 2 plugins.
Preloading 0 native plugins for Editor in 0.00 ms.
Unloading 14 Unused Serialized files (Serialized files now loaded: 0)
System memory in use before: 81.4 MB.
System memory in use after: 81.5 MB.

Unloading 14 unused Assets to reduce memory usage. Loaded Objects now: 5001.
Total: 2.648900 ms (FindLiveObjects: 0.350100 ms CreateObjectMapping: 0.258700 ms MarkObjects: 1.948600 ms  DeleteObjects: 0.090900 ms)

========================================================================
Received Import Request.
  Time since last request: 23.492696 seconds.
  path: Assets/Scripts/CentralManager.cs
  artifactKey: Guid(d13fe3631a83b0245932e2975bf18e63) Importer(815301076,1909f56bfc062723c751e8b465ee728b)
Start importing Assets/Scripts/CentralManager.cs using Guid(d13fe3631a83b0245932e2975bf18e63) Importer(815301076,1909f56bfc062723c751e8b465ee728b)  -> (artifact id: '1c74dbbb66f8e37959c2443cb5e8af04') in 0.002296 seconds 
========================================================================
Received Import Request.
  Time since last request: 6.463940 seconds.
  path: Assets/Scripts/GameConstants.cs
  artifactKey: Guid(fd2ea36a59dab2b4699ea50ab1eb1975) Importer(815301076,1909f56bfc062723c751e8b465ee728b)
Start importing Assets/Scripts/GameConstants.cs using Guid(fd2ea36a59dab2b4699ea50ab1eb1975) Importer(815301076,1909f56bfc062723c751e8b465ee728b)  -> (artifact id: 'b9596ca7241a434fd8e5d37c777c92cb') in 0.002348 seconds 
========================================================================
Received Import Request.
  Time since last request: 0.491149 seconds.
  path: Assets/Scripts/GameManager.cs
  artifactKey: Guid(ea00231266e8dc84e8edf7c903f7694e) Importer(815301076,1909f56bfc062723c751e8b465ee728b)
Start importing Assets/Scripts/GameManager.cs using Guid(ea00231266e8dc84e8edf7c903f7694e) Importer(815301076,1909f56bfc062723c751e8b465ee728b)  -> (artifact id: '505eb69b64d1bf6e8b88d6bc0784ed87') in 0.002586 seconds 
========================================================================
Received Import Request.
  Time since last request: 7.501941 seconds.
  path: Assets/Scripts/CameraController.cs
  artifactKey: Guid(d505b53a0f3e09344b8594d5fe6f5fbf) Importer(815301076,1909f56bfc062723c751e8b465ee728b)
Start importing Assets/Scripts/CameraController.cs using Guid(d505b53a0f3e09344b8594d5fe6f5fbf) Importer(815301076,1909f56bfc062723c751e8b465ee728b)  -> (artifact id: '9fded730511da0ce871c9f3eed949d58') in 0.002257 seconds 
========================================================================
Received Import Request.
  Time since last request: 2.769191 seconds.
  path: Assets/Scripts/SpawnManager.cs
  artifactKey: Guid(218f4f60e6b3c1d4196ff561574357c3) Importer(815301076,1909f56bfc062723c751e8b465ee728b)
Start importing Assets/Scripts/SpawnManager.cs using Guid(218f4f60e6b3c1d4196ff561574357c3) Importer(815301076,1909f56bfc062723c751e8b465ee728b)  -> (artifact id: 'a0e2c26c59d73bf52eb3e45de72732ac') in 0.002702 seconds 
========================================================================
Received Import Request.
  Time since last request: 317.564206 seconds.
  path: Assets/Scripts/ObjectPooler.cs
  artifactKey: Guid(10781bbd2bf6d3f45970d00ce4ae4eb4) Importer(815301076,1909f56bfc062723c751e8b465ee728b)
Start importing Assets/Scripts/ObjectPooler.cs using Guid(10781bbd2bf6d3f45970d00ce4ae4eb4) Importer(815301076,1909f56bfc062723c751e8b465ee728b)  -> (artifact id: 'a470efd279a431a77724cc9f990af95d') in 0.002631 seconds 
========================================================================
Received Prepare
Registering precompiled user dll's ...
Registered in 0.002788 seconds.
Begin MonoManager ReloadAssembly
Symbol file LoadedFromMemory doesn't match image C:\Users\roych\New Unity Project\Library\PackageCache\com.unity.visualscripting@1.6.1\Editor\VisualScripting.Core\Dependencies\YamlDotNet\Unity.VisualScripting.YamlDotNet.dll
Symbol file LoadedFromMemory doesn't match image C:\Users\roych\New Unity Project\Library\PackageCache\com.unity.visualscripting@1.6.1\Editor\VisualScripting.Core\Dependencies\DotNetZip\Unity.VisualScripting.IonicZip.dll
Native extension for WindowsStandalone target not found
Native extension for WebGL target not found
Refreshing native plugins compatible for Editor in 0.98 ms, found 2 plugins.
Preloading 0 native plugins for Editor in 0.00 ms.
Mono: successfully reloaded assembly
- Completed reload, in  1.045 seconds
Platform modules already initialized, skipping
Shader 'Universal Render Pipeline/Particles/Lit': fallback shader 'Universal Render Pipeline/Particles/SimpleLit' not found
Refreshing native plugins compatible for Editor in 0.80 ms, found 2 plugins.
Preloading 0 native plugins for Editor in 0.00 ms.
Unloading 4434 Unused Serialized files (Serialized files now loaded: 0)
System memory in use before: 169.1 MB.
System memory in use after: 169.3 MB.

Unloading 17 unused Assets to reduce memory usage. Loaded Objects now: 5004.
Total: 3.558100 ms (FindLiveObjects: 0.497600 ms CreateObjectMapping: 0.209700 ms MarkObjects: 2.729100 ms  DeleteObjects: 0.120300 ms)

========================================================================
Received Prepare
Registering precompiled user dll's ...
Registered in 0.002834 seconds.
Begin MonoManager ReloadAssembly
Symbol file LoadedFromMemory doesn't match image C:\Users\roych\New Unity Project\Library\PackageCache\com.unity.visualscripting@1.6.1\Editor\VisualScripting.Core\Dependencies\YamlDotNet\Unity.VisualScripting.YamlDotNet.dll
Symbol file LoadedFromMemory doesn't match image C:\Users\roych\New Unity Project\Library\PackageCache\com.unity.visualscripting@1.6.1\Editor\VisualScripting.Core\Dependencies\DotNetZip\Unity.VisualScripting.IonicZip.dll
Native extension for WindowsStandalone target not found
Native extension for WebGL target not found
Refreshing native plugins compatible for Editor in 0.93 ms, found 2 plugins.
Preloading 0 native plugins for Editor in 0.00 ms.
Mono: successfully reloaded assembly
- Completed reload, in  1.086 seconds
Platform modules already initialized, skipping
Shader 'Universal Render Pipeline/Particles/Lit': fallback shader 'Universal Render Pipeline/Particles/SimpleLit' not found
Refreshing native plugins compatible for Editor in 0.78 ms, found 2 plugins.
Preloading 0 native plugins for Editor in 0.00 ms.
Unloading 4433 Unused Serialized files (Serialized files now loaded: 0)
System memory in use before: 169.2 MB.
System memory in use after: 169.3 MB.

Unloading 17 unused Assets to reduce memory usage. Loaded Objects now: 5007.
Total: 3.141200 ms (FindLiveObjects: 0.387500 ms CreateObjectMapping: 0.195800 ms MarkObjects: 2.443200 ms  DeleteObjects: 0.113400 ms)

========================================================================
Received Import Request.
  Time since last request: 77.423673 seconds.
  path: Assets/Scripts/EnemyController.cs
  artifactKey: Guid(81e41d8a8ba46634f9e758826d719a5c) Importer(815301076,1909f56bfc062723c751e8b465ee728b)
Start importing Assets/Scripts/EnemyController.cs using Guid(81e41d8a8ba46634f9e758826d719a5c) Importer(815301076,1909f56bfc062723c751e8b465ee728b)  -> (artifact id: '1faee7da6c01258c5eeedae927e815dc') in 0.006713 seconds 
========================================================================
Received Import Request.
  Time since last request: 21.614979 seconds.
  path: Assets/Scripts/CharacterController2D.cs
  artifactKey: Guid(5c8a2c2e5e282b54bbaf7e1829ae1a01) Importer(815301076,1909f56bfc062723c751e8b465ee728b)
Start importing Assets/Scripts/CharacterController2D.cs using Guid(5c8a2c2e5e282b54bbaf7e1829ae1a01) Importer(815301076,1909f56bfc062723c751e8b465ee728b)  -> (artifact id: '1e3bb6db97857a0841cbd5fa6f2cda6a') in 0.001836 seconds 
========================================================================
Received Prepare
Registering precompiled user dll's ...
Registered in 0.003967 seconds.
Begin MonoManager ReloadAssembly
Symbol file LoadedFromMemory doesn't match image C:\Users\roych\New Unity Project\Library\PackageCache\com.unity.visualscripting@1.6.1\Editor\VisualScripting.Core\Dependencies\YamlDotNet\Unity.VisualScripting.YamlDotNet.dll
Symbol file LoadedFromMemory doesn't match image C:\Users\roych\New Unity Project\Library\PackageCache\com.unity.visualscripting@1.6.1\Editor\VisualScripting.Core\Dependencies\DotNetZip\Unity.VisualScripting.IonicZip.dll
Native extension for WindowsStandalone target not found
Native extension for WebGL target not found
Refreshing native plugins compatible for Editor in 0.82 ms, found 2 plugins.
Preloading 0 native plugins for Editor in 0.00 ms.
Mono: successfully reloaded assembly
- Completed reload, in  0.992 seconds
Platform modules already initialized, skipping
Shader 'Universal Render Pipeline/Particles/Lit': fallback shader 'Universal Render Pipeline/Particles/SimpleLit' not found
Refreshing native plugins compatible for Editor in 0.90 ms, found 2 plugins.
Preloading 0 native plugins for Editor in 0.00 ms.
Unloading 4433 Unused Serialized files (Serialized files now loaded: 0)
System memory in use before: 169.2 MB.
System memory in use after: 169.3 MB.

Unloading 16 unused Assets to reduce memory usage. Loaded Objects now: 5011.
Total: 3.884100 ms (FindLiveObjects: 0.399500 ms CreateObjectMapping: 0.241600 ms MarkObjects: 3.133400 ms  DeleteObjects: 0.108600 ms)

AssetImportWorkerClient::OnTransportError - code=2 error=End of file
